{
  "uid" : "43db04f24ce03f7e",
  "name" : "Проверка возможности совершить покупку нескольких товаров",
  "fullName" : "tests.Buying.test_success_buying_several_products#test_success_buying_several_products",
  "historyId" : "e90a7765d74b0ab8260b241f03c0a20d",
  "time" : {
    "start" : 1639939364083,
    "stop" : 1639939378436,
    "duration" : 14353
  },
  "status" : "broken",
  "statusMessage" : "selenium.common.exceptions.TimeoutException: Message: Can't find element by locator ('xpath', '//div[contains(text(),\"Pay done!\")]')\nStacktrace:\n#0 0x5644ac79cee3 <unknown>\n#1 0x5644ac26a608 <unknown>\n#2 0x5644ac2a0aa1 <unknown>\n#3 0x5644ac2a0c61 <unknown>\n#4 0x5644ac2d3714 <unknown>\n#5 0x5644ac2be29d <unknown>\n#6 0x5644ac2d13bc <unknown>\n#7 0x5644ac2be163 <unknown>\n#8 0x5644ac293bfc <unknown>\n#9 0x5644ac294c05 <unknown>\n#10 0x5644ac7cebaa <unknown>\n#11 0x5644ac7e4651 <unknown>\n#12 0x5644ac7cfb05 <unknown>\n#13 0x5644ac7e5a68 <unknown>\n#14 0x5644ac7c405f <unknown>\n#15 0x5644ac800818 <unknown>\n#16 0x5644ac800998 <unknown>\n#17 0x5644ac81beed <unknown>\n#18 0x7ff0930b4609 <unknown>",
  "statusTrace" : "app = <fixtures.application.Application object at 0x7fb2d20a02b0>\n\n    @allure.epic(\"Продуктовый магазин\")\n    @allure.feature(\"Покупка продуктов\")\n    @allure.title(\"Проверка возможности совершить покупку нескольких товаров\")\n    def test_success_buying_several_products(app):\n        with allure.step(\"Открыть страницу магазина\"):\n            app.main_page.open_page(\"\")\n        with allure.step(\"Набрать продуктов в корзину\"):\n            app.main_page.random_click_on_buying_several_products()\n        with allure.step(\"Открыть корзину\"):\n            app.main_page.click_basket_icon()\n            app.basket_form.basket_form_is_opened()\n        with allure.step(\"Проверить, что в корзине находятся товары\"):\n            assert app.basket_form.check_shopping_list() != \"Cart is Empty\"\n        with allure.step(\"Нажать кнопку покупки\"):\n            app.basket_form.click_buying_btn()\n        with allure.step(\"Проверить, что появилось сообщение об успешности покупки\"):\n>           assert app.basket_form.check_success_buying_msg() == \"Pay done!\"\n\ntests/Buying/test_success_buying_several_products.py:20: \n_ _ _ _ _ _ _ _ _ _ _ _ _ _ _ _ _ _ _ _ _ _ _ _ _ _ _ _ _ _ _ _ _ _ _ _ _ _ _ _ \npages/basket_form.py:42: in check_success_buying_msg\n    return self.find_element(BasketFormLocator.BASKET_MSG).text\npages/base_page.py:25: in find_element\n    return WebDriverWait(self.app.wd, 10).until(\n_ _ _ _ _ _ _ _ _ _ _ _ _ _ _ _ _ _ _ _ _ _ _ _ _ _ _ _ _ _ _ _ _ _ _ _ _ _ _ _ \n\nself = <selenium.webdriver.support.wait.WebDriverWait (session=\"b5cc7b8ea1a6bd143926d3173b168b0c\")>\nmethod = <function presence_of_element_located.<locals>._predicate at 0x7fb2d29379d0>\nmessage = 'Can\\'t find element by locator (\\'xpath\\', \\'//div[contains(text(),\"Pay done!\")]\\')'\n\n    def until(self, method, message=''):\n        \"\"\"Calls the method provided with the driver as an argument until the \\\n        return value does not evaluate to ``False``.\n    \n        :param method: callable(WebDriver)\n        :param message: optional message for :exc:`TimeoutException`\n        :returns: the result of the last call to `method`\n        :raises: :exc:`selenium.common.exceptions.TimeoutException` if timeout occurs\n        \"\"\"\n        screen = None\n        stacktrace = None\n    \n        end_time = time.time() + self._timeout\n        while True:\n            try:\n                value = method(self._driver)\n                if value:\n                    return value\n            except InvalidSelectorException as e:\n                raise e\n            except self._ignored_exceptions as exc:\n                screen = getattr(exc, 'screen', None)\n                stacktrace = getattr(exc, 'stacktrace', None)\n            time.sleep(self._poll)\n            if time.time() > end_time:\n                break\n>       raise TimeoutException(message, screen, stacktrace)\nE       selenium.common.exceptions.TimeoutException: Message: Can't find element by locator ('xpath', '//div[contains(text(),\"Pay done!\")]')\nE       Stacktrace:\nE       #0 0x5644ac79cee3 <unknown>\nE       #1 0x5644ac26a608 <unknown>\nE       #2 0x5644ac2a0aa1 <unknown>\nE       #3 0x5644ac2a0c61 <unknown>\nE       #4 0x5644ac2d3714 <unknown>\nE       #5 0x5644ac2be29d <unknown>\nE       #6 0x5644ac2d13bc <unknown>\nE       #7 0x5644ac2be163 <unknown>\nE       #8 0x5644ac293bfc <unknown>\nE       #9 0x5644ac294c05 <unknown>\nE       #10 0x5644ac7cebaa <unknown>\nE       #11 0x5644ac7e4651 <unknown>\nE       #12 0x5644ac7cfb05 <unknown>\nE       #13 0x5644ac7e5a68 <unknown>\nE       #14 0x5644ac7c405f <unknown>\nE       #15 0x5644ac800818 <unknown>\nE       #16 0x5644ac800998 <unknown>\nE       #17 0x5644ac81beed <unknown>\nE       #18 0x7ff0930b4609 <unknown>\n\n../../../.local/lib/python3.8/site-packages/selenium/webdriver/support/wait.py:89: TimeoutException",
  "flaky" : false,
  "newFailed" : false,
  "beforeStages" : [ {
    "name" : "app",
    "time" : {
      "start" : 1639939325795,
      "stop" : 1639939329872,
      "duration" : 4077
    },
    "status" : "passed",
    "steps" : [ ],
    "attachments" : [ ],
    "parameters" : [ ],
    "shouldDisplayMessage" : false,
    "hasContent" : false,
    "stepsCount" : 0,
    "attachmentsCount" : 0
  }, {
    "name" : "screenshot_after_test",
    "time" : {
      "start" : 1639939364082,
      "stop" : 1639939364082,
      "duration" : 0
    },
    "status" : "passed",
    "steps" : [ ],
    "attachments" : [ ],
    "parameters" : [ ],
    "shouldDisplayMessage" : false,
    "hasContent" : false,
    "stepsCount" : 0,
    "attachmentsCount" : 0
  }, {
    "name" : "_session_faker",
    "time" : {
      "start" : 1639939325725,
      "stop" : 1639939325795,
      "duration" : 70
    },
    "status" : "passed",
    "steps" : [ ],
    "attachments" : [ ],
    "parameters" : [ ],
    "shouldDisplayMessage" : false,
    "hasContent" : false,
    "stepsCount" : 0,
    "attachmentsCount" : 0
  } ],
  "testStage" : {
    "status" : "broken",
    "statusMessage" : "selenium.common.exceptions.TimeoutException: Message: Can't find element by locator ('xpath', '//div[contains(text(),\"Pay done!\")]')\nStacktrace:\n#0 0x5644ac79cee3 <unknown>\n#1 0x5644ac26a608 <unknown>\n#2 0x5644ac2a0aa1 <unknown>\n#3 0x5644ac2a0c61 <unknown>\n#4 0x5644ac2d3714 <unknown>\n#5 0x5644ac2be29d <unknown>\n#6 0x5644ac2d13bc <unknown>\n#7 0x5644ac2be163 <unknown>\n#8 0x5644ac293bfc <unknown>\n#9 0x5644ac294c05 <unknown>\n#10 0x5644ac7cebaa <unknown>\n#11 0x5644ac7e4651 <unknown>\n#12 0x5644ac7cfb05 <unknown>\n#13 0x5644ac7e5a68 <unknown>\n#14 0x5644ac7c405f <unknown>\n#15 0x5644ac800818 <unknown>\n#16 0x5644ac800998 <unknown>\n#17 0x5644ac81beed <unknown>\n#18 0x7ff0930b4609 <unknown>",
    "statusTrace" : "app = <fixtures.application.Application object at 0x7fb2d20a02b0>\n\n    @allure.epic(\"Продуктовый магазин\")\n    @allure.feature(\"Покупка продуктов\")\n    @allure.title(\"Проверка возможности совершить покупку нескольких товаров\")\n    def test_success_buying_several_products(app):\n        with allure.step(\"Открыть страницу магазина\"):\n            app.main_page.open_page(\"\")\n        with allure.step(\"Набрать продуктов в корзину\"):\n            app.main_page.random_click_on_buying_several_products()\n        with allure.step(\"Открыть корзину\"):\n            app.main_page.click_basket_icon()\n            app.basket_form.basket_form_is_opened()\n        with allure.step(\"Проверить, что в корзине находятся товары\"):\n            assert app.basket_form.check_shopping_list() != \"Cart is Empty\"\n        with allure.step(\"Нажать кнопку покупки\"):\n            app.basket_form.click_buying_btn()\n        with allure.step(\"Проверить, что появилось сообщение об успешности покупки\"):\n>           assert app.basket_form.check_success_buying_msg() == \"Pay done!\"\n\ntests/Buying/test_success_buying_several_products.py:20: \n_ _ _ _ _ _ _ _ _ _ _ _ _ _ _ _ _ _ _ _ _ _ _ _ _ _ _ _ _ _ _ _ _ _ _ _ _ _ _ _ \npages/basket_form.py:42: in check_success_buying_msg\n    return self.find_element(BasketFormLocator.BASKET_MSG).text\npages/base_page.py:25: in find_element\n    return WebDriverWait(self.app.wd, 10).until(\n_ _ _ _ _ _ _ _ _ _ _ _ _ _ _ _ _ _ _ _ _ _ _ _ _ _ _ _ _ _ _ _ _ _ _ _ _ _ _ _ \n\nself = <selenium.webdriver.support.wait.WebDriverWait (session=\"b5cc7b8ea1a6bd143926d3173b168b0c\")>\nmethod = <function presence_of_element_located.<locals>._predicate at 0x7fb2d29379d0>\nmessage = 'Can\\'t find element by locator (\\'xpath\\', \\'//div[contains(text(),\"Pay done!\")]\\')'\n\n    def until(self, method, message=''):\n        \"\"\"Calls the method provided with the driver as an argument until the \\\n        return value does not evaluate to ``False``.\n    \n        :param method: callable(WebDriver)\n        :param message: optional message for :exc:`TimeoutException`\n        :returns: the result of the last call to `method`\n        :raises: :exc:`selenium.common.exceptions.TimeoutException` if timeout occurs\n        \"\"\"\n        screen = None\n        stacktrace = None\n    \n        end_time = time.time() + self._timeout\n        while True:\n            try:\n                value = method(self._driver)\n                if value:\n                    return value\n            except InvalidSelectorException as e:\n                raise e\n            except self._ignored_exceptions as exc:\n                screen = getattr(exc, 'screen', None)\n                stacktrace = getattr(exc, 'stacktrace', None)\n            time.sleep(self._poll)\n            if time.time() > end_time:\n                break\n>       raise TimeoutException(message, screen, stacktrace)\nE       selenium.common.exceptions.TimeoutException: Message: Can't find element by locator ('xpath', '//div[contains(text(),\"Pay done!\")]')\nE       Stacktrace:\nE       #0 0x5644ac79cee3 <unknown>\nE       #1 0x5644ac26a608 <unknown>\nE       #2 0x5644ac2a0aa1 <unknown>\nE       #3 0x5644ac2a0c61 <unknown>\nE       #4 0x5644ac2d3714 <unknown>\nE       #5 0x5644ac2be29d <unknown>\nE       #6 0x5644ac2d13bc <unknown>\nE       #7 0x5644ac2be163 <unknown>\nE       #8 0x5644ac293bfc <unknown>\nE       #9 0x5644ac294c05 <unknown>\nE       #10 0x5644ac7cebaa <unknown>\nE       #11 0x5644ac7e4651 <unknown>\nE       #12 0x5644ac7cfb05 <unknown>\nE       #13 0x5644ac7e5a68 <unknown>\nE       #14 0x5644ac7c405f <unknown>\nE       #15 0x5644ac800818 <unknown>\nE       #16 0x5644ac800998 <unknown>\nE       #17 0x5644ac81beed <unknown>\nE       #18 0x7ff0930b4609 <unknown>\n\n../../../.local/lib/python3.8/site-packages/selenium/webdriver/support/wait.py:89: TimeoutException",
    "steps" : [ {
      "name" : "Открыть страницу магазина",
      "time" : {
        "start" : 1639939364083,
        "stop" : 1639939364121,
        "duration" : 38
      },
      "status" : "passed",
      "steps" : [ ],
      "attachments" : [ ],
      "parameters" : [ ],
      "shouldDisplayMessage" : false,
      "hasContent" : false,
      "stepsCount" : 0,
      "attachmentsCount" : 0
    }, {
      "name" : "Набрать продуктов в корзину",
      "time" : {
        "start" : 1639939364121,
        "stop" : 1639939365285,
        "duration" : 1164
      },
      "status" : "passed",
      "steps" : [ ],
      "attachments" : [ ],
      "parameters" : [ ],
      "shouldDisplayMessage" : false,
      "hasContent" : false,
      "stepsCount" : 0,
      "attachmentsCount" : 0
    }, {
      "name" : "Открыть корзину",
      "time" : {
        "start" : 1639939365285,
        "stop" : 1639939365364,
        "duration" : 79
      },
      "status" : "passed",
      "steps" : [ ],
      "attachments" : [ ],
      "parameters" : [ ],
      "shouldDisplayMessage" : false,
      "hasContent" : false,
      "stepsCount" : 0,
      "attachmentsCount" : 0
    }, {
      "name" : "Проверить, что в корзине находятся товары",
      "time" : {
        "start" : 1639939365364,
        "stop" : 1639939366389,
        "duration" : 1025
      },
      "status" : "passed",
      "steps" : [ ],
      "attachments" : [ ],
      "parameters" : [ ],
      "shouldDisplayMessage" : false,
      "hasContent" : false,
      "stepsCount" : 0,
      "attachmentsCount" : 0
    }, {
      "name" : "Нажать кнопку покупки",
      "time" : {
        "start" : 1639939366389,
        "stop" : 1639939366927,
        "duration" : 538
      },
      "status" : "passed",
      "steps" : [ ],
      "attachments" : [ ],
      "parameters" : [ ],
      "shouldDisplayMessage" : false,
      "hasContent" : false,
      "stepsCount" : 0,
      "attachmentsCount" : 0
    }, {
      "name" : "Проверить, что появилось сообщение об успешности покупки",
      "time" : {
        "start" : 1639939366927,
        "stop" : 1639939378435,
        "duration" : 11508
      },
      "status" : "broken",
      "statusMessage" : "selenium.common.exceptions.TimeoutException: Message: Can't find element by locator ('xpath', '//div[contains(text(),\"Pay done!\")]')\nStacktrace:\n#0 0x5644ac79cee3 <unknown>\n#1 0x5644ac26a608 <unknown>\n#2 0x5644ac2a0aa1 <unknown>\n#3 0x5644ac2a0c61 <unknown>\n#4 0x5644ac2d3714 <unknown>\n#5 0x5644ac2be29d <unknown>\n#6 0x5644ac2d13bc <unknown>\n#7 0x5644ac2be163 <unknown>\n#8 0x5644ac293bfc <unknown>\n#9 0x5644ac294c05 <unknown>\n#10 0x5644ac7cebaa <unknown>\n#11 0x5644ac7e4651 <unknown>\n#12 0x5644ac7cfb05 <unknown>\n#13 0x5644ac7e5a68 <unknown>\n#14 0x5644ac7c405f <unknown>\n#15 0x5644ac800818 <unknown>\n#16 0x5644ac800998 <unknown>\n#17 0x5644ac81beed <unknown>\n#18 0x7ff0930b4609 <unknown>\n\n",
      "statusTrace" : "  File \"/home/runner/work/Innopolis_final/Innopolis_final/tests/Buying/test_success_buying_several_products.py\", line 20, in test_success_buying_several_products\n    assert app.basket_form.check_success_buying_msg() == \"Pay done!\"\n  File \"/home/runner/work/Innopolis_final/Innopolis_final/pages/basket_form.py\", line 42, in check_success_buying_msg\n    return self.find_element(BasketFormLocator.BASKET_MSG).text\n  File \"/home/runner/work/Innopolis_final/Innopolis_final/pages/base_page.py\", line 25, in find_element\n    return WebDriverWait(self.app.wd, 10).until(\n  File \"/home/runner/.local/lib/python3.8/site-packages/selenium/webdriver/support/wait.py\", line 89, in until\n    raise TimeoutException(message, screen, stacktrace)\n",
      "steps" : [ ],
      "attachments" : [ ],
      "parameters" : [ ],
      "shouldDisplayMessage" : true,
      "hasContent" : true,
      "stepsCount" : 0,
      "attachmentsCount" : 0
    } ],
    "attachments" : [ {
      "uid" : "f785cddb565cfd7e",
      "name" : "log",
      "source" : "f785cddb565cfd7e.txt",
      "type" : "text/plain",
      "size" : 83
    } ],
    "parameters" : [ ],
    "shouldDisplayMessage" : true,
    "hasContent" : true,
    "stepsCount" : 6,
    "attachmentsCount" : 1
  },
  "afterStages" : [ {
    "name" : "app::0",
    "time" : {
      "start" : 1639939379626,
      "stop" : 1639939379683,
      "duration" : 57
    },
    "status" : "passed",
    "steps" : [ ],
    "attachments" : [ ],
    "parameters" : [ ],
    "shouldDisplayMessage" : false,
    "hasContent" : false,
    "stepsCount" : 0,
    "attachmentsCount" : 0
  }, {
    "name" : "screenshot_after_test::0",
    "time" : {
      "start" : 1639939378442,
      "stop" : 1639939378491,
      "duration" : 49
    },
    "status" : "passed",
    "steps" : [ ],
    "attachments" : [ {
      "uid" : "17f9f8de528e609d",
      "name" : "screenshot",
      "source" : "17f9f8de528e609d.png",
      "type" : "image/png",
      "size" : 51411
    } ],
    "parameters" : [ ],
    "shouldDisplayMessage" : false,
    "hasContent" : true,
    "stepsCount" : 0,
    "attachmentsCount" : 1
  } ],
  "labels" : [ {
    "name" : "feature",
    "value" : "Покупка продуктов"
  }, {
    "name" : "epic",
    "value" : "Продуктовый магазин"
  }, {
    "name" : "parentSuite",
    "value" : "tests.Buying"
  }, {
    "name" : "suite",
    "value" : "test_success_buying_several_products"
  }, {
    "name" : "host",
    "value" : "fv-az121-266"
  }, {
    "name" : "thread",
    "value" : "2699-MainThread"
  }, {
    "name" : "framework",
    "value" : "pytest"
  }, {
    "name" : "language",
    "value" : "cpython3"
  }, {
    "name" : "package",
    "value" : "tests.Buying.test_success_buying_several_products"
  }, {
    "name" : "resultFormat",
    "value" : "allure2"
  } ],
  "parameters" : [ ],
  "links" : [ ],
  "hidden" : false,
  "retry" : false,
  "extra" : {
    "severity" : "normal",
    "retries" : [ ],
    "categories" : [ {
      "name" : "Test defects",
      "matchedStatuses" : [ ],
      "flaky" : false
    } ],
    "history" : {
      "statistic" : {
        "failed" : 0,
        "broken" : 7,
        "skipped" : 0,
        "passed" : 0,
        "unknown" : 0,
        "total" : 7
      },
      "items" : [ {
        "uid" : "cac3604e771870b9",
        "reportUrl" : "https://gonuskus.github.io/Innopolis_final/37//#testresult/cac3604e771870b9",
        "status" : "broken",
        "statusDetails" : "selenium.common.exceptions.ElementClickInterceptedException: Message: element click intercepted: Element <button class=\"btn red btn-small\">...</button> is not clickable at point (112, 528). Other element would receive the click: <div id=\"toast-container\">...</div>\n  (Session info: headless chrome=96.0.4664.110)\nStacktrace:\n#0 0x5632e0593ee3 <unknown>\n#1 0x5632e0061608 <unknown>\n#2 0x5632e009f044 <unknown>\n#3 0x5632e009caf4 <unknown>\n#4 0x5632e009a2da <unknown>\n#5 0x5632e0098ce2 <unknown>\n#6 0x5632e008c7b8 <unknown>\n#7 0x5632e00b5272 <unknown>\n#8 0x5632e008c063 <unknown>\n#9 0x5632e00b537e <unknown>\n#10 0x5632e00c83bc <unknown>\n#11 0x5632e00b5163 <unknown>\n#12 0x5632e008abfc <unknown>\n#13 0x5632e008bc05 <unknown>\n#14 0x5632e05c5baa <unknown>\n#15 0x5632e05db651 <unknown>\n#16 0x5632e05c6b05 <unknown>\n#17 0x5632e05dca68 <unknown>\n#18 0x5632e05bb05f <unknown>\n#19 0x5632e05f7818 <unknown>\n#20 0x5632e05f7998 <unknown>\n#21 0x5632e0612eed <unknown>\n#22 0x7f19499eb609 <unknown>",
        "time" : {
          "start" : 1639938338658,
          "stop" : 1639938341917,
          "duration" : 3259
        }
      }, {
        "uid" : "fd3bc63abeb8dd55",
        "reportUrl" : "https://gonuskus.github.io/Innopolis_final/36//#testresult/fd3bc63abeb8dd55",
        "status" : "broken",
        "statusDetails" : "selenium.common.exceptions.ElementClickInterceptedException: Message: element click intercepted: Element <button class=\"btn red btn-small\">...</button> is not clickable at point (112, 551). Other element would receive the click: <div id=\"toast-container\">...</div>\n  (Session info: headless chrome=96.0.4664.110)\nStacktrace:\n#0 0x55e226d18ee3 <unknown>\n#1 0x55e2267e6608 <unknown>\n#2 0x55e226824044 <unknown>\n#3 0x55e226821af4 <unknown>\n#4 0x55e22681f2da <unknown>\n#5 0x55e22681dce2 <unknown>\n#6 0x55e2268117b8 <unknown>\n#7 0x55e22683a272 <unknown>\n#8 0x55e226811063 <unknown>\n#9 0x55e22683a37e <unknown>\n#10 0x55e22684d3bc <unknown>\n#11 0x55e22683a163 <unknown>\n#12 0x55e22680fbfc <unknown>\n#13 0x55e226810c05 <unknown>\n#14 0x55e226d4abaa <unknown>\n#15 0x55e226d60651 <unknown>\n#16 0x55e226d4bb05 <unknown>\n#17 0x55e226d61a68 <unknown>\n#18 0x55e226d4005f <unknown>\n#19 0x55e226d7c818 <unknown>\n#20 0x55e226d7c998 <unknown>\n#21 0x55e226d97eed <unknown>\n#22 0x7fe41aaf4609 <unknown>",
        "time" : {
          "start" : 1639937662673,
          "stop" : 1639937667151,
          "duration" : 4478
        }
      }, {
        "uid" : "27b84c842441c3a",
        "reportUrl" : "https://gonuskus.github.io/Innopolis_final/35//#testresult/27b84c842441c3a",
        "status" : "broken",
        "statusDetails" : "selenium.common.exceptions.ElementClickInterceptedException: Message: element click intercepted: Element <button class=\"btn red btn-small\">...</button> is not clickable at point (112, 528). Other element would receive the click: <div id=\"toast-container\">...</div>\n  (Session info: headless chrome=96.0.4664.110)\nStacktrace:\n#0 0x559ac1408ee3 <unknown>\n#1 0x559ac0ed6608 <unknown>\n#2 0x559ac0f14044 <unknown>\n#3 0x559ac0f11af4 <unknown>\n#4 0x559ac0f0f2da <unknown>\n#5 0x559ac0f0dce2 <unknown>\n#6 0x559ac0f017b8 <unknown>\n#7 0x559ac0f2a272 <unknown>\n#8 0x559ac0f01063 <unknown>\n#9 0x559ac0f2a37e <unknown>\n#10 0x559ac0f3d3bc <unknown>\n#11 0x559ac0f2a163 <unknown>\n#12 0x559ac0effbfc <unknown>\n#13 0x559ac0f00c05 <unknown>\n#14 0x559ac143abaa <unknown>\n#15 0x559ac1450651 <unknown>\n#16 0x559ac143bb05 <unknown>\n#17 0x559ac1451a68 <unknown>\n#18 0x559ac143005f <unknown>\n#19 0x559ac146c818 <unknown>\n#20 0x559ac146c998 <unknown>\n#21 0x559ac1487eed <unknown>\n#22 0x7f8bf6c7a609 <unknown>",
        "time" : {
          "start" : 1639937005952,
          "stop" : 1639937010259,
          "duration" : 4307
        }
      }, {
        "uid" : "f38b12e423fb4de2",
        "reportUrl" : "https://gonuskus.github.io/Innopolis_final/34//#testresult/f38b12e423fb4de2",
        "status" : "broken",
        "statusDetails" : "selenium.common.exceptions.ElementClickInterceptedException: Message: element click intercepted: Element <button class=\"btn red btn-small\">...</button> is not clickable at point (112, 528). Other element would receive the click: <div id=\"toast-container\">...</div>\n  (Session info: headless chrome=96.0.4664.110)\nStacktrace:\n#0 0x561581866ee3 <unknown>\n#1 0x561581334608 <unknown>\n#2 0x561581372044 <unknown>\n#3 0x56158136faf4 <unknown>\n#4 0x56158136d2da <unknown>\n#5 0x56158136bce2 <unknown>\n#6 0x56158135f7b8 <unknown>\n#7 0x561581388272 <unknown>\n#8 0x56158135f063 <unknown>\n#9 0x56158138837e <unknown>\n#10 0x56158139b3bc <unknown>\n#11 0x561581388163 <unknown>\n#12 0x56158135dbfc <unknown>\n#13 0x56158135ec05 <unknown>\n#14 0x561581898baa <unknown>\n#15 0x5615818ae651 <unknown>\n#16 0x561581899b05 <unknown>\n#17 0x5615818afa68 <unknown>\n#18 0x56158188e05f <unknown>\n#19 0x5615818ca818 <unknown>\n#20 0x5615818ca998 <unknown>\n#21 0x5615818e5eed <unknown>\n#22 0x7f94cef54609 <unknown>",
        "time" : {
          "start" : 1639934277012,
          "stop" : 1639934281096,
          "duration" : 4084
        }
      }, {
        "uid" : "a04782a5043298c5",
        "reportUrl" : "https://gonuskus.github.io/Innopolis_final/33//#testresult/a04782a5043298c5",
        "status" : "broken",
        "statusDetails" : "selenium.common.exceptions.ElementClickInterceptedException: Message: element click intercepted: Element <button class=\"btn red btn-small\">...</button> is not clickable at point (112, 528). Other element would receive the click: <div id=\"toast-container\">...</div>\n  (Session info: headless chrome=96.0.4664.110)\nStacktrace:\n#0 0x558e1a3c5ee3 <unknown>\n#1 0x558e19e93608 <unknown>\n#2 0x558e19ed1044 <unknown>\n#3 0x558e19eceaf4 <unknown>\n#4 0x558e19ecc2da <unknown>\n#5 0x558e19ecace2 <unknown>\n#6 0x558e19ebe7b8 <unknown>\n#7 0x558e19ee7272 <unknown>\n#8 0x558e19ebe063 <unknown>\n#9 0x558e19ee737e <unknown>\n#10 0x558e19efa3bc <unknown>\n#11 0x558e19ee7163 <unknown>\n#12 0x558e19ebcbfc <unknown>\n#13 0x558e19ebdc05 <unknown>\n#14 0x558e1a3f7baa <unknown>\n#15 0x558e1a40d651 <unknown>\n#16 0x558e1a3f8b05 <unknown>\n#17 0x558e1a40ea68 <unknown>\n#18 0x558e1a3ed05f <unknown>\n#19 0x558e1a429818 <unknown>\n#20 0x558e1a429998 <unknown>\n#21 0x558e1a444eed <unknown>\n#22 0x7fbe07ce6609 <unknown>",
        "time" : {
          "start" : 1639933185282,
          "stop" : 1639933188701,
          "duration" : 3419
        }
      }, {
        "uid" : "920a6f78db8cc7cc",
        "reportUrl" : "https://gonuskus.github.io/Innopolis_final/32//#testresult/920a6f78db8cc7cc",
        "status" : "broken",
        "statusDetails" : "selenium.common.exceptions.ElementClickInterceptedException: Message: element click intercepted: Element <button class=\"btn red btn-small\">...</button> is not clickable at point (112, 528). Other element would receive the click: <div id=\"toast-container\">...</div>\n  (Session info: headless chrome=96.0.4664.110)\nStacktrace:\n#0 0x55b12c790ee3 <unknown>\n#1 0x55b12c25e608 <unknown>\n#2 0x55b12c29c044 <unknown>\n#3 0x55b12c299af4 <unknown>\n#4 0x55b12c2972da <unknown>\n#5 0x55b12c295ce2 <unknown>\n#6 0x55b12c2897b8 <unknown>\n#7 0x55b12c2b2272 <unknown>\n#8 0x55b12c289063 <unknown>\n#9 0x55b12c2b237e <unknown>\n#10 0x55b12c2c53bc <unknown>\n#11 0x55b12c2b2163 <unknown>\n#12 0x55b12c287bfc <unknown>\n#13 0x55b12c288c05 <unknown>\n#14 0x55b12c7c2baa <unknown>\n#15 0x55b12c7d8651 <unknown>\n#16 0x55b12c7c3b05 <unknown>\n#17 0x55b12c7d9a68 <unknown>\n#18 0x55b12c7b805f <unknown>\n#19 0x55b12c7f4818 <unknown>\n#20 0x55b12c7f4998 <unknown>\n#21 0x55b12c80feed <unknown>\n#22 0x7f647ac3c609 <unknown>",
        "time" : {
          "start" : 1639904764749,
          "stop" : 1639904767642,
          "duration" : 2893
        }
      } ]
    },
    "tags" : [ ]
  },
  "source" : "43db04f24ce03f7e.json",
  "parameterValues" : [ ]
}